c:\users\wayne inc\source\repos\redist_console\redistconsole\debug\vc141.pdb
c:\users\wayne inc\source\repos\redist_console\redistconsole\debug\vc141.idb
c:\users\wayne inc\source\repos\redist_console\redistconsole\debug\redistconsole_main.obj
c:\users\wayne inc\source\repos\redist_console\redistconsole\debug\redistconsole.obj
c:\users\wayne inc\source\repos\redist_console\debug\redistconsole.exe
c:\users\wayne inc\source\repos\redist_console\debug\redistconsole.ilk
c:\users\wayne inc\source\repos\redist_console\debug\redistconsole.pdb
c:\users\wayne inc\source\repos\redist_console\redistconsole\debug\redistconsole.res
c:\users\elitedesk\source\repos\redist_console\redistconsole\debug\redistconsole.obj
c:\users\elitedesk\source\repos\redist_console\redistconsole\debug\redistconsole_main.obj
c:\users\elitedesk\source\repos\redist_console\redistconsole\debug\redistconsole.res
c:\users\elitedesk\source\repos\redist_console\redistconsole\debug\vc141.idb
c:\users\elitedesk\source\repos\redist_console\redistconsole\debug\vc141.pdb
c:\users\elitedesk\source\repos\redist_console\debug\redistconsole.pdb
c:\users\elitedesk\source\repos\redist_console\debug\redistconsole.exe
c:\users\elitedesk\source\repos\redist_console\debug\redistconsole.ilk
c:\users\elitedesk\source\repos\redist_console\redistconsole\debug\redistconsole.tlog\cl.command.1.tlog
c:\users\elitedesk\source\repos\redist_console\redistconsole\debug\redistconsole.tlog\cl.read.1.tlog
c:\users\elitedesk\source\repos\redist_console\redistconsole\debug\redistconsole.tlog\cl.write.1.tlog
c:\users\elitedesk\source\repos\redist_console\redistconsole\debug\redistconsole.tlog\link.command.1.tlog
c:\users\elitedesk\source\repos\redist_console\redistconsole\debug\redistconsole.tlog\link.read.1.tlog
c:\users\elitedesk\source\repos\redist_console\redistconsole\debug\redistconsole.tlog\link.write.1.tlog
c:\users\elitedesk\source\repos\redist_console\redistconsole\debug\redistconsole.tlog\rc.command.1.tlog
c:\users\elitedesk\source\repos\redist_console\redistconsole\debug\redistconsole.tlog\rc.read.1.tlog
c:\users\elitedesk\source\repos\redist_console\redistconsole\debug\redistconsole.tlog\rc.write.1.tlog
