c:\users\wayne inc\source\repos\os_distribution-client\wayneosforwin\debug\vc141.pdb
c:\users\wayne inc\source\repos\os_distribution-client\wayneosforwin\debug\reqdevicevolume.obj
c:\users\wayne inc\source\repos\os_distribution-client\wayneosforwin\debug\httpthread.obj
c:\users\wayne inc\source\repos\os_distribution-client\wayneosforwin\debug\httprequest.obj
c:\users\wayne inc\source\repos\os_distribution-client\wayneosforwin\debug\httpmanager.obj
c:\users\wayne inc\source\repos\os_distribution-client\wayneosforwin\debug\moc_widgetselectversion.obj
c:\users\wayne inc\source\repos\os_distribution-client\wayneosforwin\debug\moc_widgetselecttype.obj
c:\users\wayne inc\source\repos\os_distribution-client\wayneosforwin\debug\moc_widgetselectdisksize.obj
c:\users\wayne inc\source\repos\os_distribution-client\wayneosforwin\debug\moc_widgetselectdisk.obj
c:\users\wayne inc\source\repos\os_distribution-client\wayneosforwin\debug\moc_widgetpreparecomplete.obj
c:\users\wayne inc\source\repos\os_distribution-client\wayneosforwin\debug\moc_widgetmain.obj
c:\users\wayne inc\source\repos\os_distribution-client\wayneosforwin\debug\moc_widgetlicenseinfo.obj
c:\users\wayne inc\source\repos\os_distribution-client\wayneosforwin\debug\moc_widgetinstall.obj
c:\users\wayne inc\source\repos\os_distribution-client\wayneosforwin\debug\moc_widgetcomplete.obj
c:\users\wayne inc\source\repos\os_distribution-client\wayneosforwin\debug\moc_titlebar.obj
c:\users\wayne inc\source\repos\os_distribution-client\wayneosforwin\debug\moc_stackedwidget.obj
c:\users\wayne inc\source\repos\os_distribution-client\wayneosforwin\debug\moc_httpthread.obj
c:\users\wayne inc\source\repos\os_distribution-client\wayneosforwin\debug\moc_httprequest.obj
c:\users\wayne inc\source\repos\os_distribution-client\wayneosforwin\debug\moc_httpmanager.obj
c:\users\wayne inc\source\repos\os_distribution-client\wayneosforwin\debug\diskmanager.obj
c:\users\wayne inc\source\repos\os_distribution-client\wayneosforwin\debug\disk.obj
c:\users\wayne inc\source\repos\os_distribution-client\wayneosforwin\debug\windpiscale.obj
c:\users\wayne inc\source\repos\os_distribution-client\wayneosforwin\debug\widgetselectversion.obj
c:\users\wayne inc\source\repos\os_distribution-client\wayneosforwin\debug\widgetselecttype.obj
c:\users\wayne inc\source\repos\os_distribution-client\wayneosforwin\debug\widgetselectdisksize.obj
c:\users\wayne inc\source\repos\os_distribution-client\wayneosforwin\debug\widgetselectdisk.obj
c:\users\wayne inc\source\repos\os_distribution-client\wayneosforwin\debug\widgetpreparecomplete.obj
c:\users\wayne inc\source\repos\os_distribution-client\wayneosforwin\debug\widgetmain.obj
c:\users\wayne inc\source\repos\os_distribution-client\wayneosforwin\debug\widgetlicenseinfo.obj
c:\users\wayne inc\source\repos\os_distribution-client\wayneosforwin\debug\widgetinstall.obj
c:\users\wayne inc\source\repos\os_distribution-client\wayneosforwin\debug\widgetcomplete.obj
c:\users\wayne inc\source\repos\os_distribution-client\wayneosforwin\debug\viewmanager.obj
c:\users\wayne inc\source\repos\os_distribution-client\wayneosforwin\debug\stackedwidget.obj
c:\users\wayne inc\source\repos\os_distribution-client\wayneosforwin\debug\titlebar.obj
c:\users\wayne inc\source\repos\os_distribution-client\wayneosforwin\debug\frametitlebar.obj
c:\users\wayne inc\source\repos\os_distribution-client\wayneosforwin\debug\main.obj
c:\users\wayne inc\source\repos\os_distribution-client\wayneosforwin\debug\infomanager.obj
c:\users\wayne inc\source\repos\os_distribution-client\wayneosforwin\debug\urlstrings.obj
c:\users\wayne inc\source\repos\os_distribution-client\wayneosforwin\debug\reqosfile.obj
c:\users\wayne inc\source\repos\os_distribution-client\wayneosforwin\debug\reqosdata.obj
c:\users\wayne inc\source\repos\os_distribution-client\wayneosforwin\generatedfiles\debug\moc_widgetcomplete.cpp
c:\users\wayne inc\source\repos\os_distribution-client\wayneosforwin\generatedfiles\debug\moc_httpmanager.cpp
c:\users\wayne inc\source\repos\os_distribution-client\wayneosforwin\generatedfiles\debug\moc_httpthread.cpp
c:\users\wayne inc\source\repos\os_distribution-client\wayneosforwin\generatedfiles\debug\moc_httprequest.cpp
c:\users\wayne inc\source\repos\os_distribution-client\wayneosforwin\generatedfiles\debug\moc_titlebar.cpp
c:\users\wayne inc\source\repos\os_distribution-client\wayneosforwin\generatedfiles\debug\moc_widgetselectversion.cpp
c:\users\wayne inc\source\repos\os_distribution-client\wayneosforwin\generatedfiles\debug\moc_widgetselecttype.cpp
c:\users\wayne inc\source\repos\os_distribution-client\wayneosforwin\generatedfiles\debug\moc_widgetselectdisksize.cpp
c:\users\wayne inc\source\repos\os_distribution-client\wayneosforwin\generatedfiles\debug\moc_widgetselectdisk.cpp
c:\users\wayne inc\source\repos\os_distribution-client\wayneosforwin\generatedfiles\debug\moc_widgetpreparecomplete.cpp
c:\users\wayne inc\source\repos\os_distribution-client\wayneosforwin\generatedfiles\debug\moc_widgetmain.cpp
c:\users\wayne inc\source\repos\os_distribution-client\wayneosforwin\generatedfiles\debug\moc_widgetlicenseinfo.cpp
c:\users\wayne inc\source\repos\os_distribution-client\wayneosforwin\generatedfiles\debug\moc_widgetinstall.cpp
c:\users\wayne inc\source\repos\os_distribution-client\wayneosforwin\generatedfiles\debug\moc_stackedwidget.cpp
c:\users\wayne inc\source\repos\os_distribution-client\wayneosforwin\generatedfiles\ui_stackedwidget.h
c:\users\wayne inc\source\repos\os_distribution-client\wayneosforwin\generatedfiles\ui_widgetinstall.h
c:\users\wayne inc\source\repos\os_distribution-client\wayneosforwin\generatedfiles\ui_widgetlicenseinfo.h
c:\users\wayne inc\source\repos\os_distribution-client\wayneosforwin\generatedfiles\ui_widgetmain.h
c:\users\wayne inc\source\repos\os_distribution-client\wayneosforwin\generatedfiles\ui_widgetpreparecomplete.h
c:\users\wayne inc\source\repos\os_distribution-client\wayneosforwin\generatedfiles\ui_widgetselectdisk.h
c:\users\wayne inc\source\repos\os_distribution-client\wayneosforwin\generatedfiles\ui_widgetselectdisksize.h
c:\users\wayne inc\source\repos\os_distribution-client\wayneosforwin\generatedfiles\ui_widgetselecttype.h
c:\users\wayne inc\source\repos\os_distribution-client\wayneosforwin\generatedfiles\ui_widgetselectversion.h
c:\users\wayne inc\source\repos\os_distribution-client\wayneosforwin\generatedfiles\ui_widgetcomplete.h
c:\users\wayne inc\source\repos\os_distribution-client\wayneosforwin\debug\wayneosforwin.res
c:\users\wayne inc\source\repos\os_distribution-client\wayneosforwin\debug\wayneosforwin.tlog\cl.command.1.tlog
c:\users\wayne inc\source\repos\os_distribution-client\wayneosforwin\debug\wayneosforwin.tlog\cl.read.1.tlog
c:\users\wayne inc\source\repos\os_distribution-client\wayneosforwin\debug\wayneosforwin.tlog\cl.write.1.tlog
c:\users\wayne inc\source\repos\os_distribution-client\wayneosforwin\debug\wayneosforwin.tlog\custombuild.command.1.tlog
c:\users\wayne inc\source\repos\os_distribution-client\wayneosforwin\debug\wayneosforwin.tlog\custombuild.read.1.tlog
c:\users\wayne inc\source\repos\os_distribution-client\wayneosforwin\debug\wayneosforwin.tlog\custombuild.write.1.tlog
c:\users\wayne inc\source\repos\os_distribution-client\wayneosforwin\debug\wayneosforwin.tlog\link.command.1.tlog
c:\users\wayne inc\source\repos\os_distribution-client\wayneosforwin\debug\wayneosforwin.tlog\link.read.1.tlog
c:\users\wayne inc\source\repos\os_distribution-client\wayneosforwin\debug\wayneosforwin.tlog\link.write.1.tlog
c:\users\wayne inc\source\repos\os_distribution-client\wayneosforwin\debug\wayneosforwin.tlog\rc.command.1.tlog
c:\users\wayne inc\source\repos\os_distribution-client\wayneosforwin\debug\wayneosforwin.tlog\rc.read.1.tlog
c:\users\wayne inc\source\repos\os_distribution-client\wayneosforwin\debug\wayneosforwin.tlog\rc.write.1.tlog
