c:\users\wayne inc\source\repos\os_distribution-client\wayneosforwin\release\reqdevicevolume.obj
c:\users\wayne inc\source\repos\os_distribution-client\wayneosforwin\release\httpthread.obj
c:\users\wayne inc\source\repos\os_distribution-client\wayneosforwin\release\httprequest.obj
c:\users\wayne inc\source\repos\os_distribution-client\wayneosforwin\release\httpmanager.obj
c:\users\wayne inc\source\repos\os_distribution-client\wayneosforwin\release\moc_widgetselectversion.obj
c:\users\wayne inc\source\repos\os_distribution-client\wayneosforwin\release\moc_widgetselecttype.obj
c:\users\wayne inc\source\repos\os_distribution-client\wayneosforwin\release\moc_widgetselectdisksize.obj
c:\users\wayne inc\source\repos\os_distribution-client\wayneosforwin\release\moc_widgetselectdisk.obj
c:\users\wayne inc\source\repos\os_distribution-client\wayneosforwin\release\moc_widgetpreparecomplete.obj
c:\users\wayne inc\source\repos\os_distribution-client\wayneosforwin\release\moc_widgetmain.obj
c:\users\wayne inc\source\repos\os_distribution-client\wayneosforwin\release\moc_widgetlicenseinfo.obj
c:\users\wayne inc\source\repos\os_distribution-client\wayneosforwin\release\moc_widgetinstall.obj
c:\users\wayne inc\source\repos\os_distribution-client\wayneosforwin\release\moc_widgetcomplete.obj
c:\users\wayne inc\source\repos\os_distribution-client\wayneosforwin\release\moc_titlebar.obj
c:\users\wayne inc\source\repos\os_distribution-client\wayneosforwin\release\moc_stackedwidget.obj
c:\users\wayne inc\source\repos\os_distribution-client\wayneosforwin\release\moc_httpthread.obj
c:\users\wayne inc\source\repos\os_distribution-client\wayneosforwin\release\moc_httprequest.obj
c:\users\wayne inc\source\repos\os_distribution-client\wayneosforwin\release\moc_httpmanager.obj
c:\users\wayne inc\source\repos\os_distribution-client\wayneosforwin\release\diskmanager.obj
c:\users\wayne inc\source\repos\os_distribution-client\wayneosforwin\release\disk.obj
c:\users\wayne inc\source\repos\os_distribution-client\wayneosforwin\release\widgetselectversion.obj
c:\users\wayne inc\source\repos\os_distribution-client\wayneosforwin\release\widgetselecttype.obj
c:\users\wayne inc\source\repos\os_distribution-client\wayneosforwin\release\widgetselectdisksize.obj
c:\users\wayne inc\source\repos\os_distribution-client\wayneosforwin\release\widgetselectdisk.obj
c:\users\wayne inc\source\repos\os_distribution-client\wayneosforwin\release\widgetpreparecomplete.obj
c:\users\wayne inc\source\repos\os_distribution-client\wayneosforwin\release\widgetmain.obj
c:\users\wayne inc\source\repos\os_distribution-client\wayneosforwin\release\widgetlicenseinfo.obj
c:\users\wayne inc\source\repos\os_distribution-client\wayneosforwin\release\widgetinstall.obj
c:\users\wayne inc\source\repos\os_distribution-client\wayneosforwin\release\widgetcomplete.obj
c:\users\wayne inc\source\repos\os_distribution-client\wayneosforwin\release\viewmanager.obj
c:\users\wayne inc\source\repos\os_distribution-client\wayneosforwin\release\stackedwidget.obj
c:\users\wayne inc\source\repos\os_distribution-client\wayneosforwin\release\titlebar.obj
c:\users\wayne inc\source\repos\os_distribution-client\wayneosforwin\release\frametitlebar.obj
c:\users\wayne inc\source\repos\os_distribution-client\wayneosforwin\release\main.obj
c:\users\wayne inc\source\repos\os_distribution-client\wayneosforwin\release\infomanager.obj
c:\users\wayne inc\source\repos\os_distribution-client\wayneosforwin\release\urlstrings.obj
c:\users\wayne inc\source\repos\os_distribution-client\wayneosforwin\release\reqosfile.obj
c:\users\wayne inc\source\repos\os_distribution-client\wayneosforwin\release\reqosdata.obj
c:\users\wayne inc\source\repos\os_distribution-client\wayneosforwin\generatedfiles\release\moc_widgetcomplete.cpp
c:\users\wayne inc\source\repos\os_distribution-client\wayneosforwin\generatedfiles\release\moc_httpmanager.cpp
c:\users\wayne inc\source\repos\os_distribution-client\wayneosforwin\generatedfiles\release\moc_httpthread.cpp
c:\users\wayne inc\source\repos\os_distribution-client\wayneosforwin\generatedfiles\release\moc_httprequest.cpp
c:\users\wayne inc\source\repos\os_distribution-client\wayneosforwin\generatedfiles\release\moc_titlebar.cpp
c:\users\wayne inc\source\repos\os_distribution-client\wayneosforwin\generatedfiles\release\moc_widgetselectversion.cpp
c:\users\wayne inc\source\repos\os_distribution-client\wayneosforwin\generatedfiles\release\moc_widgetselecttype.cpp
c:\users\wayne inc\source\repos\os_distribution-client\wayneosforwin\generatedfiles\release\moc_widgetselectdisksize.cpp
c:\users\wayne inc\source\repos\os_distribution-client\wayneosforwin\generatedfiles\release\moc_widgetselectdisk.cpp
c:\users\wayne inc\source\repos\os_distribution-client\wayneosforwin\generatedfiles\release\moc_widgetpreparecomplete.cpp
c:\users\wayne inc\source\repos\os_distribution-client\wayneosforwin\generatedfiles\release\moc_widgetmain.cpp
c:\users\wayne inc\source\repos\os_distribution-client\wayneosforwin\generatedfiles\release\moc_widgetlicenseinfo.cpp
c:\users\wayne inc\source\repos\os_distribution-client\wayneosforwin\generatedfiles\release\moc_widgetinstall.cpp
c:\users\wayne inc\source\repos\os_distribution-client\wayneosforwin\generatedfiles\release\moc_stackedwidget.cpp
c:\users\wayne inc\source\repos\os_distribution-client\wayneosforwin\generatedfiles\ui_stackedwidget.h
c:\users\wayne inc\source\repos\os_distribution-client\wayneosforwin\generatedfiles\ui_widgetinstall.h
c:\users\wayne inc\source\repos\os_distribution-client\wayneosforwin\generatedfiles\ui_widgetlicenseinfo.h
c:\users\wayne inc\source\repos\os_distribution-client\wayneosforwin\generatedfiles\ui_widgetmain.h
c:\users\wayne inc\source\repos\os_distribution-client\wayneosforwin\generatedfiles\ui_widgetpreparecomplete.h
c:\users\wayne inc\source\repos\os_distribution-client\wayneosforwin\generatedfiles\ui_widgetselectdisk.h
c:\users\wayne inc\source\repos\os_distribution-client\wayneosforwin\generatedfiles\ui_widgetselectdisksize.h
c:\users\wayne inc\source\repos\os_distribution-client\wayneosforwin\generatedfiles\ui_widgetselecttype.h
c:\users\wayne inc\source\repos\os_distribution-client\wayneosforwin\generatedfiles\ui_widgetselectversion.h
c:\users\wayne inc\source\repos\os_distribution-client\wayneosforwin\generatedfiles\ui_widgetcomplete.h
c:\users\wayne inc\source\repos\os_distribution-client\win32\release\wayneosforwin.exe
c:\users\wayne inc\source\repos\os_distribution-client\wayneosforwin\release\wayneosforwin.res
c:\users\wayne inc\source\repos\os_distribution-client\wayneosforwin\release\wayneosforwin.tlog\cl.command.1.tlog
c:\users\wayne inc\source\repos\os_distribution-client\wayneosforwin\release\wayneosforwin.tlog\cl.read.1.tlog
c:\users\wayne inc\source\repos\os_distribution-client\wayneosforwin\release\wayneosforwin.tlog\cl.write.1.tlog
c:\users\wayne inc\source\repos\os_distribution-client\wayneosforwin\release\wayneosforwin.tlog\custombuild.command.1.tlog
c:\users\wayne inc\source\repos\os_distribution-client\wayneosforwin\release\wayneosforwin.tlog\custombuild.read.1.tlog
c:\users\wayne inc\source\repos\os_distribution-client\wayneosforwin\release\wayneosforwin.tlog\custombuild.write.1.tlog
c:\users\wayne inc\source\repos\os_distribution-client\wayneosforwin\release\wayneosforwin.tlog\link.command.1.tlog
c:\users\wayne inc\source\repos\os_distribution-client\wayneosforwin\release\wayneosforwin.tlog\link.read.1.tlog
c:\users\wayne inc\source\repos\os_distribution-client\wayneosforwin\release\wayneosforwin.tlog\link.write.1.tlog
c:\users\wayne inc\source\repos\os_distribution-client\wayneosforwin\release\wayneosforwin.tlog\rc.command.1.tlog
c:\users\wayne inc\source\repos\os_distribution-client\wayneosforwin\release\wayneosforwin.tlog\rc.read.1.tlog
c:\users\wayne inc\source\repos\os_distribution-client\wayneosforwin\release\wayneosforwin.tlog\rc.write.1.tlog
