  disk.cpp
  diskmanager.cpp
  moc_httpmanager.cpp
  moc_httprequest.cpp
  moc_httpthread.cpp
  moc_stackedwidget.cpp
  moc_titlebar.cpp
  moc_widgetcomplete.cpp
  moc_widgetinstall.cpp
  moc_widgetlicenseinfo.cpp
  moc_widgetmain.cpp
  moc_widgetpreparecomplete.cpp
  moc_widgetselectdisk.cpp
  moc_widgetselectdisksize.cpp
  moc_widgetselecttype.cpp
  moc_widgetselectversion.cpp
  httpmanager.cpp
  httprequest.cpp
  httpthread.cpp
  reqdevicevolume.cpp
  Generating Code...
  Compiling...
  reqosdata.cpp
  reqosfile.cpp
  urlstrings.cpp
  infomanager.cpp
  main.cpp
  frametitlebar.cpp
  titlebar.cpp
  stackedwidget.cpp
  viewmanager.cpp
  widgetcomplete.cpp
  widgetinstall.cpp
  widgetlicenseinfo.cpp
  widgetmain.cpp
  widgetpreparecomplete.cpp
  widgetselectdisk.cpp
  widgetselectdisksize.cpp
  widgetselecttype.cpp
  widgetselectversion.cpp
  WinDpiScale.cpp
  Generating Code...
  wayneOSforWin.vcxproj -> C:\Users\Wayne Inc\source\repos\OS_Distribution-Client\Win32\Release\wayneOSforWin.exe
