빌드 시작: 2015-04-29 오후 9:12:46
     1>2 노드의 "C:\Users\Administrator\Desktop\1.234.56.186\sysletOS\Code\wayneOSforWin\wayneOSforWin\wayneOSforWin.vcxproj" 프로젝트(Build 대상)입니다.
     1>C:\Program Files (x86)\MSBuild\Microsoft.Cpp\v4.0\V120\Microsoft.CppBuild.targets(935,5): warning MSB8027: Two or more files with the name of moc_httpmanager.cpp will produce outputs to the same location. This can lead to an incorrect build result.  The files involved are GeneratedFiles\Debug\moc_httpmanager.cpp, GeneratedFiles\Release\moc_httpmanager.cpp.
     1>C:\Program Files (x86)\MSBuild\Microsoft.Cpp\v4.0\V120\Microsoft.CppBuild.targets(935,5): warning MSB8027: Two or more files with the name of moc_httprequest.cpp will produce outputs to the same location. This can lead to an incorrect build result.  The files involved are GeneratedFiles\Debug\moc_httprequest.cpp, GeneratedFiles\Release\moc_httprequest.cpp.
     1>C:\Program Files (x86)\MSBuild\Microsoft.Cpp\v4.0\V120\Microsoft.CppBuild.targets(935,5): warning MSB8027: Two or more files with the name of moc_httpthread.cpp will produce outputs to the same location. This can lead to an incorrect build result.  The files involved are GeneratedFiles\Debug\moc_httpthread.cpp, GeneratedFiles\Release\moc_httpthread.cpp.
     1>C:\Program Files (x86)\MSBuild\Microsoft.Cpp\v4.0\V120\Microsoft.CppBuild.targets(935,5): warning MSB8027: Two or more files with the name of moc_stackedwidget.cpp will produce outputs to the same location. This can lead to an incorrect build result.  The files involved are GeneratedFiles\Debug\moc_stackedwidget.cpp, GeneratedFiles\Release\moc_stackedwidget.cpp.
     1>C:\Program Files (x86)\MSBuild\Microsoft.Cpp\v4.0\V120\Microsoft.CppBuild.targets(935,5): warning MSB8027: Two or more files with the name of moc_titlebar.cpp will produce outputs to the same location. This can lead to an incorrect build result.  The files involved are GeneratedFiles\Debug\moc_titlebar.cpp, GeneratedFiles\Release\moc_titlebar.cpp.
     1>C:\Program Files (x86)\MSBuild\Microsoft.Cpp\v4.0\V120\Microsoft.CppBuild.targets(935,5): warning MSB8027: Two or more files with the name of moc_widgetcomplete.cpp will produce outputs to the same location. This can lead to an incorrect build result.  The files involved are GeneratedFiles\Debug\moc_widgetcomplete.cpp, GeneratedFiles\Release\moc_widgetcomplete.cpp.
     1>C:\Program Files (x86)\MSBuild\Microsoft.Cpp\v4.0\V120\Microsoft.CppBuild.targets(935,5): warning MSB8027: Two or more files with the name of moc_widgetinstall.cpp will produce outputs to the same location. This can lead to an incorrect build result.  The files involved are GeneratedFiles\Debug\moc_widgetinstall.cpp, GeneratedFiles\Release\moc_widgetinstall.cpp.
     1>C:\Program Files (x86)\MSBuild\Microsoft.Cpp\v4.0\V120\Microsoft.CppBuild.targets(935,5): warning MSB8027: Two or more files with the name of moc_widgetlicenseinfo.cpp will produce outputs to the same location. This can lead to an incorrect build result.  The files involved are GeneratedFiles\Debug\moc_widgetlicenseinfo.cpp, GeneratedFiles\Release\moc_widgetlicenseinfo.cpp.
     1>C:\Program Files (x86)\MSBuild\Microsoft.Cpp\v4.0\V120\Microsoft.CppBuild.targets(935,5): warning MSB8027: Two or more files with the name of moc_widgetmain.cpp will produce outputs to the same location. This can lead to an incorrect build result.  The files involved are GeneratedFiles\Debug\moc_widgetmain.cpp, GeneratedFiles\Release\moc_widgetmain.cpp.
     1>C:\Program Files (x86)\MSBuild\Microsoft.Cpp\v4.0\V120\Microsoft.CppBuild.targets(935,5): warning MSB8027: Two or more files with the name of moc_widgetpreparecomplete.cpp will produce outputs to the same location. This can lead to an incorrect build result.  The files involved are GeneratedFiles\Debug\moc_widgetpreparecomplete.cpp, GeneratedFiles\Release\moc_widgetpreparecomplete.cpp.
     1>C:\Program Files (x86)\MSBuild\Microsoft.Cpp\v4.0\V120\Microsoft.CppBuild.targets(935,5): warning MSB8027: Two or more files with the name of moc_widgetselectdisk.cpp will produce outputs to the same location. This can lead to an incorrect build result.  The files involved are GeneratedFiles\Debug\moc_widgetselectdisk.cpp, GeneratedFiles\Release\moc_widgetselectdisk.cpp.
     1>C:\Program Files (x86)\MSBuild\Microsoft.Cpp\v4.0\V120\Microsoft.CppBuild.targets(935,5): warning MSB8027: Two or more files with the name of moc_widgetselectdisksize.cpp will produce outputs to the same location. This can lead to an incorrect build result.  The files involved are GeneratedFiles\Debug\moc_widgetselectdisksize.cpp, GeneratedFiles\Release\moc_widgetselectdisksize.cpp.
     1>C:\Program Files (x86)\MSBuild\Microsoft.Cpp\v4.0\V120\Microsoft.CppBuild.targets(935,5): warning MSB8027: Two or more files with the name of moc_widgetselecttype.cpp will produce outputs to the same location. This can lead to an incorrect build result.  The files involved are GeneratedFiles\Debug\moc_widgetselecttype.cpp, GeneratedFiles\Release\moc_widgetselecttype.cpp.
     1>C:\Program Files (x86)\MSBuild\Microsoft.Cpp\v4.0\V120\Microsoft.CppBuild.targets(935,5): warning MSB8027: Two or more files with the name of moc_widgetselectversion.cpp will produce outputs to the same location. This can lead to an incorrect build result.  The files involved are GeneratedFiles\Debug\moc_widgetselectversion.cpp, GeneratedFiles\Release\moc_widgetselectversion.cpp.
     1>ClCompile:
         C:\Program Files (x86)\Microsoft Visual Studio 12.0\VC\bin\x86_amd64\CL.exe /c /I.\GeneratedFiles /I. /IC:\Qt\Qt5.4.0\5.4\msvc2013_64_opengl\include /I.\GeneratedFiles\Release /IC:\Qt\Qt5.4.0\5.4\msvc2013_64_opengl\include\QtCore /IC:\Qt\Qt5.4.0\5.4\msvc2013_64_opengl\include\QtGui /IC:\Qt\Qt5.4.0\5.4\msvc2013_64_opengl\include\QtNetwork /IC:\Qt\Qt5.4.0\5.4\msvc2013_64_opengl\include\QtWebKit /IC:\Qt\Qt5.4.0\5.4\msvc2013_64_opengl\include\QtWebkitWidgets /IC:\Qt\Qt5.4.0\5.4\msvc2013_64_opengl\include\QtWidgets /nologo /W1 /WX- /O2 /D UNICODE /D WIN32 /D WIN64 /D QT_DLL /D QT_NO_DEBUG /D NDEBUG /D QT_CORE_LIB /D QT_GUI_LIB /D QT_NETWORK_LIB /D QT_WEBKITWIDGETS_LIB /D QT_WIDGETS_LIB /Gm- /EHsc /MD /GS /fp:precise /Zc:wchar_t /Zc:forScope /Fo"x64\Release\\" /Fd"x64\Release\vc120.pdb" /Gd /TP /errorReport:prompt HTTP\urlstrings.cpp
         urlstrings.cpp
       Link:
         C:\Program Files (x86)\Microsoft Visual Studio 12.0\VC\bin\x86_amd64\link.exe /ERRORREPORT:PROMPT /OUT:"C:\Users\Administrator\Desktop\1.234.56.186\sysletOS\Code\wayneOSforWin\x64\Release\\wayneOSforWin.exe" /NOLOGO /LIBPATH:C:\Qt\Qt5.4.0\5.4\msvc2013_64_opengl\lib qtmain.lib Qt5Core.lib Qt5Gui.lib Qt5Network.lib Qt5WebKit.lib Qt5WebkitWidgets.lib Qt5Widgets.lib Setupapi.lib kernel32.lib user32.lib gdi32.lib winspool.lib comdlg32.lib advapi32.lib shell32.lib ole32.lib oleaut32.lib uuid.lib odbc32.lib odbccp32.lib /MANIFEST /MANIFESTUAC:"level='asInvoker' uiAccess='false'" /manifest:embed /PDB:"C:\Users\Administrator\Desktop\1.234.56.186\sysletOS\Code\wayneOSforWin\x64\Release\wayneOSforWin.pdb" /SUBSYSTEM:WINDOWS /TLBID:1 /DYNAMICBASE /NXCOMPAT /IMPLIB:"C:\Users\Administrator\Desktop\1.234.56.186\sysletOS\Code\wayneOSforWin\x64\Release\wayneOSforWin.lib" /MACHINE:X64 x64\Release\wayneOSforWin.res
         x64\Release\disk.obj
         x64\Release\diskmanager.obj
         x64\Release\moc_httpmanager.obj
         x64\Release\moc_httprequest.obj
         x64\Release\moc_httpthread.obj
         x64\Release\moc_stackedwidget.obj
         x64\Release\moc_titlebar.obj
         x64\Release\moc_widgetcomplete.obj
         x64\Release\moc_widgetinstall.obj
         x64\Release\moc_widgetlicenseinfo.obj
         x64\Release\moc_widgetmain.obj
         x64\Release\moc_widgetpreparecomplete.obj
         x64\Release\moc_widgetselectdisk.obj
         x64\Release\moc_widgetselectdisksize.obj
         x64\Release\moc_widgetselecttype.obj
         x64\Release\moc_widgetselectversion.obj
         x64\Release\httpmanager.obj
         x64\Release\httprequest.obj
         x64\Release\httpthread.obj
         x64\Release\reqdevicevolume.obj
         x64\Release\reqosdata.obj
         x64\Release\reqosfile.obj
         x64\Release\urlstrings.obj
         x64\Release\infomanager.obj
         x64\Release\main.obj
         x64\Release\frametitlebar.obj
         x64\Release\titlebar.obj
         x64\Release\stackedwidget.obj
         x64\Release\viewmanager.obj
         x64\Release\widgetcomplete.obj
         x64\Release\widgetinstall.obj
         x64\Release\widgetlicenseinfo.obj
         x64\Release\widgetmain.obj
         x64\Release\widgetpreparecomplete.obj
         x64\Release\widgetselectdisk.obj
         x64\Release\widgetselectdisksize.obj
         x64\Release\widgetselecttype.obj
         x64\Release\widgetselectversion.obj
         wayneOSforWin.vcxproj -> C:\Users\Administrator\Desktop\1.234.56.186\sysletOS\Code\wayneOSforWin\x64\Release\wayneOSforWin.exe
     1>"C:\Users\Administrator\Desktop\1.234.56.186\sysletOS\Code\wayneOSforWin\wayneOSforWin\wayneOSforWin.vcxproj" 프로젝트를 빌드했습니다(Build 대상).

빌드했습니다.

경과 시간: 00:00:00.84
